<?xml version="1.0" encoding="UTF-8"?>
<testng-results ignored="0" total="1" passed="1" failed="0" skipped="0">
  <reporter-output>
  </reporter-output>
  <suite started-at="2022-11-01T11:32:10 CDT" name="Default suite" finished-at="2022-11-01T11:32:16 CDT" duration-ms="5087">
    <groups>
    </groups>
    <test started-at="2022-11-01T11:32:10 CDT" name="Default test" finished-at="2022-11-01T11:32:16 CDT" duration-ms="5087">
      <class name="MavenProject.Mavennewproject.testclass1">
        <test-method signature="method1()[pri:0, instance:MavenProject.Mavennewproject.testclass1@53ce1329]" started-at="2022-11-01T11:32:11 CDT" name="method1" finished-at="2022-11-01T11:32:16 CDT" duration-ms="5052" status="PASS">
          <reporter-output>
          </reporter-output>
        </test-method> <!-- method1 -->
      </class> <!-- MavenProject.Mavennewproject.testclass1 -->
    </test> <!-- Default test -->
  </suite> <!-- Default suite -->
</testng-results>
